# JRE version: OpenJDK Runtime Environment (8.0_111-b14) (build 1.8.0_111-8u111-b14-3~14.04.1-b14)
# Java VM: OpenJDK 64-Bit Server VM (25.111-b14 mixed mode linux-amd64 compressed oops)
Heap:
 PSYoungGen      total 77312K, used 6118K [0x00000000eb600000, 0x00000000f0980000, 0x0000000100000000)
  eden space 71168K, 0% used [0x00000000eb600000,0x00000000eb600000,0x00000000efb80000)
  from space 6144K, 99% used [0x00000000efb80000,0x00000000f0179820,0x00000000f0180000)
  to   space 6144K, 0% used [0x00000000f0180000,0x00000000f0180000,0x00000000f0780000)
 ParOldGen       total 33280K, used 23135K [0x00000000c2200000, 0x00000000c4280000, 0x00000000eb600000)
  object space 33280K, 69% used [0x00000000c2200000,0x00000000c3897ec0,0x00000000c4280000)
 Metaspace       used 34241K, capacity 34873K, committed 34992K, reserved 1079296K
  class space    used 4772K, capacity 5009K, committed 5040K, reserved 1048576K
GC Heap History (10 events):
Event: 70.156 GC heap after
Heap after GC invocations=9 (full 1):
 PSYoungGen      total 38400K, used 0K [0x00000000eb600000, 0x00000000efd00000, 0x0000000100000000)
  eden space 32256K, 0% used [0x00000000eb600000,0x00000000eb600000,0x00000000ed580000)
  from space 6144K, 0% used [0x00000000edb00000,0x00000000edb00000,0x00000000ee100000)
  to   space 5632K, 0% used [0x00000000ed580000,0x00000000ed580000,0x00000000edb00000)
 ParOldGen       total 33280K, used 10725K [0x00000000c2200000, 0x00000000c4280000, 0x00000000eb600000)
  object space 33280K, 32% used [0x00000000c2200000,0x00000000c2c79668,0x00000000c4280000)
 Metaspace       used 21054K, capacity 21285K, committed 21296K, reserved 1067008K
  class space    used 2789K, capacity 2864K, committed 2864K, reserved 1048576K
}
Event: 72.161 GC heap before
{Heap before GC invocations=10 (full 1):
 PSYoungGen      total 38400K, used 32256K [0x00000000eb600000, 0x00000000efd00000, 0x0000000100000000)
  eden space 32256K, 100% used [0x00000000eb600000,0x00000000ed580000,0x00000000ed580000)
  from space 6144K, 0% used [0x00000000edb00000,0x00000000edb00000,0x00000000ee100000)
  to   space 5632K, 0% used [0x00000000ed580000,0x00000000ed580000,0x00000000edb00000)
 ParOldGen       total 33280K, used 10725K [0x00000000c2200000, 0x00000000c4280000, 0x00000000eb600000)
  object space 33280K, 32% used [0x00000000c2200000,0x00000000c2c79668,0x00000000c4280000)
 Metaspace       used 23344K, capacity 23731K, committed 23856K, reserved 1069056K
  class space    used 3171K, capacity 3340K, committed 3376K, reserved 1048576K
Event: 72.179 GC heap after
Heap after GC invocations=10 (full 1):
 PSYoungGen      total 37888K, used 2992K [0x00000000eb600000, 0x00000000eef80000, 0x0000000100000000)
  eden space 32256K, 0% used [0x00000000eb600000,0x00000000eb600000,0x00000000ed580000)
  from space 5632K, 53% used [0x00000000ed580000,0x00000000ed86c378,0x00000000edb00000)
  to   space 5632K, 0% used [0x00000000eea00000,0x00000000eea00000,0x00000000eef80000)
 ParOldGen       total 33280K, used 10733K [0x00000000c2200000, 0x00000000c4280000, 0x00000000eb600000)
  object space 33280K, 32% used [0x00000000c2200000,0x00000000c2c7b668,0x00000000c4280000)
 Metaspace       used 23344K, capacity 23731K, committed 23856K, reserved 1069056K
  class space    used 3171K, capacity 3340K, committed 3376K, reserved 1048576K
}
Event: 73.762 GC heap before
{Heap before GC invocations=11 (full 1):
 PSYoungGen      total 37888K, used 35248K [0x00000000eb600000, 0x00000000eef80000, 0x0000000100000000)
  eden space 32256K, 100% used [0x00000000eb600000,0x00000000ed580000,0x00000000ed580000)
  from space 5632K, 53% used [0x00000000ed580000,0x00000000ed86c378,0x00000000edb00000)
  to   space 5632K, 0% used [0x00000000eea00000,0x00000000eea00000,0x00000000eef80000)
 ParOldGen       total 33280K, used 10733K [0x00000000c2200000, 0x00000000c4280000, 0x00000000eb600000)
  object space 33280K, 32% used [0x00000000c2200000,0x00000000c2c7b668,0x00000000c4280000)
 Metaspace       used 24214K, capacity 24601K, committed 24752K, reserved 1071104K
  class space    used 3288K, capacity 3438K, committed 3504K, reserved 1048576K
Event: 73.793 GC heap after
Heap after GC invocations=11 (full 1):
 PSYoungGen      total 53248K, used 3201K [0x00000000eb600000, 0x00000000ef000000, 0x0000000100000000)
  eden space 47616K, 0% used [0x00000000eb600000,0x00000000eb600000,0x00000000ee480000)
  from space 5632K, 56% used [0x00000000eea00000,0x00000000eed20798,0x00000000eef80000)
  to   space 5632K, 0% used [0x00000000ee480000,0x00000000ee480000,0x00000000eea00000)
 ParOldGen       total 33280K, used 10741K [0x00000000c2200000, 0x00000000c4280000, 0x00000000eb600000)
  object space 33280K, 32% used [0x00000000c2200000,0x00000000c2c7d668,0x00000000c4280000)
 Metaspace       used 24214K, capacity 24601K, committed 24752K, reserved 1071104K
  class space    used 3288K, capacity 3438K, committed 3504K, reserved 1048576K
}
Event: 75.532 GC heap before
{Heap before GC invocations=12 (full 1):
 PSYoungGen      total 53248K, used 50817K [0x00000000eb600000, 0x00000000ef000000, 0x0000000100000000)
  eden space 47616K, 100% used [0x00000000eb600000,0x00000000ee480000,0x00000000ee480000)
  from space 5632K, 56% used [0x00000000eea00000,0x00000000eed20798,0x00000000eef80000)
  to   space 5632K, 0% used [0x00000000ee480000,0x00000000ee480000,0x00000000eea00000)
 ParOldGen       total 33280K, used 10741K [0x00000000c2200000, 0x00000000c4280000, 0x00000000eb600000)
  object space 33280K, 32% used [0x00000000c2200000,0x00000000c2c7d668,0x00000000c4280000)
 Metaspace       used 25602K, capacity 26049K, committed 26288K, reserved 1071104K
  class space    used 3524K, capacity 3662K, committed 3760K, reserved 1048576K
Event: 75.569 GC heap after
Heap after GC invocations=12 (full 1):
 PSYoungGen      total 53248K, used 4659K [0x00000000eb600000, 0x00000000f0780000, 0x0000000100000000)
  eden space 47616K, 0% used [0x00000000eb600000,0x00000000eb600000,0x00000000ee480000)
  from space 5632K, 82% used [0x00000000ee480000,0x00000000ee90ce18,0x00000000eea00000)
  to   space 6144K, 0% used [0x00000000f0180000,0x00000000f0180000,0x00000000f0780000)
 ParOldGen       total 33280K, used 13369K [0x00000000c2200000, 0x00000000c4280000, 0x00000000eb600000)
  object space 33280K, 40% used [0x00000000c2200000,0x00000000c2f0e678,0x00000000c4280000)
 Metaspace       used 25602K, capacity 26049K, committed 26288K, reserved 1071104K
  class space    used 3524K, capacity 3662K, committed 3760K, reserved 1048576K
}
Event: 76.739 GC heap before
{Heap before GC invocations=13 (full 1):
 PSYoungGen      total 53248K, used 52275K [0x00000000eb600000, 0x00000000f0780000, 0x0000000100000000)
  eden space 47616K, 100% used [0x00000000eb600000,0x00000000ee480000,0x00000000ee480000)
  from space 5632K, 82% used [0x00000000ee480000,0x00000000ee90ce18,0x00000000eea00000)
  to   space 6144K, 0% used [0x00000000f0180000,0x00000000f0180000,0x00000000f0780000)
 ParOldGen       total 33280K, used 13369K [0x00000000c2200000, 0x00000000c4280000, 0x00000000eb600000)
  object space 33280K, 40% used [0x00000000c2200000,0x00000000c2f0e678,0x00000000c4280000)
 Metaspace       used 26433K, capacity 27035K, committed 27312K, reserved 1073152K
  class space    used 3684K, capacity 3911K, committed 4016K, reserved 1048576K
Event: 76.811 GC heap after
Heap after GC invocations=13 (full 1):
 PSYoungGen      total 77312K, used 5600K [0x00000000eb600000, 0x00000000f0980000, 0x0000000100000000)
  eden space 71168K, 0% used [0x00000000eb600000,0x00000000eb600000,0x00000000efb80000)
  from space 6144K, 91% used [0x00000000f0180000,0x00000000f06f8000,0x00000000f0780000)
  to   space 6144K, 0% used [0x00000000efb80000,0x00000000efb80000,0x00000000f0180000)
 ParOldGen       total 33280K, used 17265K [0x00000000c2200000, 0x00000000c4280000, 0x00000000eb600000)
  object space 33280K, 51% used [0x00000000c2200000,0x00000000c32dc698,0x00000000c4280000)
 Metaspace       used 26433K, capacity 27035K, committed 27312K, reserved 1073152K
  class space    used 3684K, capacity 3911K, committed 4016K, reserved 1048576K
}
Event: 80.907 GC heap before
{Heap before GC invocations=14 (full 1):
 PSYoungGen      total 77312K, used 76768K [0x00000000eb600000, 0x00000000f0980000, 0x0000000100000000)
  eden space 71168K, 100% used [0x00000000eb600000,0x00000000efb80000,0x00000000efb80000)
  from space 6144K, 91% used [0x00000000f0180000,0x00000000f06f8000,0x00000000f0780000)
  to   space 6144K, 0% used [0x00000000efb80000,0x00000000efb80000,0x00000000f0180000)
 ParOldGen       total 33280K, used 17265K [0x00000000c2200000, 0x00000000c4280000, 0x00000000eb600000)
  object space 33280K, 51% used [0x00000000c2200000,0x00000000c32dc698,0x00000000c4280000)
 Metaspace       used 34241K, capacity 34873K, committed 34992K, reserved 1079296K
  class space    used 4772K, capacity 5009K, committed 5040K, reserved 1048576K

